2025-12-02 03:13:22.204 [background-preinit] INFO  o.h.validator.internal.util.Version - HV000001: Hibernate Validator 8.0.3.Final
2025-12-02 03:13:22.248 [main] INFO  c.b.t.TransactionApplication - Starting TransactionApplication using Java 17.0.6 with PID 20760 (C:\Users\Jeanso\Documents\NTT-PROYECTOS\Proyecto_final\transaction\target\classes started by Jeanso in C:\Users\Jeanso\Documents\NTT-PROYECTOS\Proyecto_final\transaction)
2025-12-02 03:13:22.249 [main] DEBUG c.b.t.TransactionApplication - Running with Spring Boot v3.4.12, Spring v6.2.14
2025-12-02 03:13:22.250 [main] INFO  c.b.t.TransactionApplication - No active profile set, falling back to 1 default profile: "default"
2025-12-02 03:13:22.675 [main] INFO  o.s.d.r.c.RepositoryConfigurationDelegate - Bootstrapping Spring Data Reactive MongoDB repositories in DEFAULT mode.
2025-12-02 03:13:22.771 [main] INFO  o.s.d.r.c.RepositoryConfigurationDelegate - Finished Spring Data repository scanning in 91 ms. Found 1 Reactive MongoDB repository interface.
2025-12-02 03:13:22.829 [main] INFO  o.s.cloud.context.scope.GenericScope - BeanFactory id=600df3d5-3ad0-3adb-908c-4146eda7a8b2
2025-12-02 03:13:23.236 [main] INFO  org.mongodb.driver.client - MongoClient with metadata {"driver": {"name": "mongo-java-driver|reactive-streams|spring-boot", "version": "5.2.1"}, "os": {"type": "Windows", "name": "Windows 10", "architecture": "amd64", "version": "10.0"}, "platform": "Java/Oracle Corporation/17.0.6+9-LTS-190"} created with settings MongoClientSettings{readPreference=primary, writeConcern=WriteConcern{w=null, wTimeout=null ms, journal=null}, retryWrites=true, retryReads=true, readConcern=ReadConcern{level=null}, credential=null, transportSettings=NettyTransportSettings{eventLoopGroup=io.netty.channel.nio.NioEventLoopGroup@443cdaa4, socketChannelClass=null, allocator=null, sslContext=null}, commandListeners=[], codecRegistry=ProvidersCodecRegistry{codecProviders=[ValueCodecProvider{}, BsonValueCodecProvider{}, DBRefCodecProvider{}, DBObjectCodecProvider{}, DocumentCodecProvider{}, CollectionCodecProvider{}, IterableCodecProvider{}, MapCodecProvider{}, GeoJsonCodecProvider{}, GridFSFileCodecProvider{}, Jsr310CodecProvider{}, JsonObjectCodecProvider{}, BsonCodecProvider{}, EnumCodecProvider{}, com.mongodb.client.model.mql.ExpressionCodecProvider@3b41e1bf, com.mongodb.Jep395RecordCodecProvider@619c93ca, com.mongodb.KotlinCodecProvider@486e9d1d]}, loggerSettings=LoggerSettings{maxDocumentLength=1000}, clusterSettings={hosts=[localhost:27017], srvServiceName=mongodb, mode=SINGLE, requiredClusterType=UNKNOWN, requiredReplicaSetName='null', serverSelector='null', clusterListeners='[]', serverSelectionTimeout='30000 ms', localThreshold='15 ms'}, socketSettings=SocketSettings{connectTimeoutMS=10000, readTimeoutMS=0, receiveBufferSize=0, proxySettings=ProxySettings{host=null, port=null, username=null, password=null}}, heartbeatSocketSettings=SocketSettings{connectTimeoutMS=10000, readTimeoutMS=10000, receiveBufferSize=0, proxySettings=ProxySettings{host=null, port=null, username=null, password=null}}, connectionPoolSettings=ConnectionPoolSettings{maxSize=100, minSize=0, maxWaitTimeMS=120000, maxConnectionLifeTimeMS=0, maxConnectionIdleTimeMS=0, maintenanceInitialDelayMS=0, maintenanceFrequencyMS=60000, connectionPoolListeners=[], maxConnecting=2}, serverSettings=ServerSettings{heartbeatFrequencyMS=10000, minHeartbeatFrequencyMS=500, serverMonitoringMode=AUTO, serverListeners='[]', serverMonitorListeners='[]'}, sslSettings=SslSettings{enabled=false, invalidHostNameAllowed=false, context=null}, applicationName='null', compressorList=[], uuidRepresentation=JAVA_LEGACY, serverApi=null, autoEncryptionSettings=null, dnsClient=null, inetAddressResolver=null, contextProvider=null, timeoutMS=null}
2025-12-02 03:13:23.308 [cluster-ClusterId{value='692e9fa33187c0604119b2c0', description='null'}-localhost:27017] INFO  org.mongodb.driver.cluster - Monitor thread successfully connected to server with description ServerDescription{address=localhost:27017, type=STANDALONE, cryptd=false, state=CONNECTED, ok=true, minWireVersion=0, maxWireVersion=27, maxDocumentSize=16777216, logicalSessionTimeoutMinutes=30, roundTripTimeNanos=31725100, minRoundTripTimeNanos=0}
2025-12-02 03:13:23.825 [main] INFO  o.s.b.w.e.netty.NettyWebServer - Netty started on port 8084 (http)
2025-12-02 03:13:23.967 [main] INFO  c.b.t.TransactionApplication - Started TransactionApplication in 2.199 seconds (process running for 2.587)
2025-12-02 03:14:46.694 [reactor-http-nio-3] INFO  c.b.t.c.TransactionController - POST /api/transactions/deposit - Deposit of 1000.00 to account 692e8a6266259c4bae50485f
2025-12-02 03:14:46.694 [reactor-http-nio-3] DEBUG c.b.t.service.TransactionService - Processing deposit of 1000.00 to account: 692e8a6266259c4bae50485f
2025-12-02 03:14:46.694 [reactor-http-nio-3] DEBUG c.b.transaction.client.AccountClient - Calling Account Service to get account with id: 692e8a6266259c4bae50485f
2025-12-02 03:14:46.984 [reactor-http-nio-3] DEBUG c.b.transaction.client.AccountClient - Account found: 692e8a6266259c4bae50485f
2025-12-02 03:14:47.011 [reactor-http-nio-3] DEBUG o.s.d.m.core.ReactiveMongoTemplate - Inserting Document containing fields: [transactionType, amount, accountId, customerId, status, description, balanceAfter, createdAt, _class] in collection: transactions
2025-12-02 03:14:47.082 [nioEventLoopGroup-3-3] INFO  c.b.t.service.TransactionService - Deposit completed: 692e9ff73187c0604119b2c1
2025-12-02 03:15:40.934 [reactor-http-nio-3] INFO  c.b.t.c.TransactionController - POST /api/transactions/withdrawal - Withdrawal of 500.00 from account 692e8a6266259c4bae50485f
2025-12-02 03:15:40.934 [reactor-http-nio-3] DEBUG c.b.t.service.TransactionService - Processing withdrawal of 500.00 from account: 692e8a6266259c4bae50485f
2025-12-02 03:15:40.934 [reactor-http-nio-3] DEBUG c.b.transaction.client.AccountClient - Calling Account Service to get account with id: 692e8a6266259c4bae50485f
2025-12-02 03:15:40.942 [reactor-http-nio-3] DEBUG c.b.transaction.client.AccountClient - Account found: 692e8a6266259c4bae50485f
2025-12-02 03:15:40.943 [reactor-http-nio-3] DEBUG o.s.d.m.core.ReactiveMongoTemplate - Inserting Document containing fields: [transactionType, amount, accountId, customerId, status, description, balanceAfter, createdAt, _class] in collection: transactions
2025-12-02 03:15:40.946 [nioEventLoopGroup-3-3] INFO  c.b.t.service.TransactionService - Withdrawal completed: 692ea02c3187c0604119b2c2
2025-12-02 03:16:01.535 [reactor-http-nio-3] INFO  c.b.t.c.TransactionController - GET /api/transactions/account/692e8a6266259c4bae50485f - Fetching transactions for account
2025-12-02 03:16:01.535 [reactor-http-nio-3] DEBUG c.b.t.service.TransactionService - Finding transactions for account: 692e8a6266259c4bae50485f
2025-12-02 03:16:01.544 [reactor-http-nio-3] DEBUG o.s.d.m.r.query.MongoQueryCreator - Created query Query: { "accountId" : "692e8a6266259c4bae50485f"}, Fields: {}, Sort: {}
2025-12-02 03:16:01.550 [reactor-http-nio-3] DEBUG o.s.d.m.core.ReactiveMongoTemplate - find using query: { "accountId" : "692e8a6266259c4bae50485f"} fields: Document{{}} for class: class com.bank.transaction.model.entity.Transaction in collection: transactions
2025-12-02 03:16:46.893 [reactor-http-nio-3] INFO  c.b.t.c.TransactionController - POST /api/transactions/payment - Payment of 250.00 to credit 692e94f28b14ad379e56ab8b
2025-12-02 03:16:46.894 [reactor-http-nio-3] DEBUG c.b.t.service.TransactionService - Processing payment of 250.00 to credit: 692e94f28b14ad379e56ab8b
2025-12-02 03:16:46.894 [reactor-http-nio-3] DEBUG c.b.transaction.client.CreditClient - Calling Credit Service to get credit with id: 692e94f28b14ad379e56ab8b
2025-12-02 03:16:46.907 [reactor-http-nio-3] DEBUG c.b.transaction.client.CreditClient - Credit found: 692e94f28b14ad379e56ab8b
2025-12-02 03:16:46.907 [reactor-http-nio-3] DEBUG c.b.transaction.client.CreditClient - Making payment of 250.00 to credit: 692e94f28b14ad379e56ab8b
2025-12-02 03:16:46.921 [reactor-http-nio-3] DEBUG c.b.transaction.client.CreditClient - Payment successful. New balance: 900.00
2025-12-02 03:16:46.921 [reactor-http-nio-3] DEBUG o.s.d.m.core.ReactiveMongoTemplate - Inserting Document containing fields: [transactionType, amount, creditId, customerId, status, description, balanceAfter, createdAt, _class] in collection: transactions
2025-12-02 03:16:46.923 [nioEventLoopGroup-3-3] INFO  c.b.t.service.TransactionService - Payment completed: 692ea06e3187c0604119b2c3
2025-12-02 03:17:20.644 [reactor-http-nio-3] INFO  c.b.t.c.TransactionController - POST /api/transactions/charge - Charge of 150.00 to credit 692e94f28b14ad379e56ab8b
2025-12-02 03:17:20.644 [reactor-http-nio-3] DEBUG c.b.t.service.TransactionService - Processing charge of 150.00 to credit: 692e94f28b14ad379e56ab8b
2025-12-02 03:17:20.644 [reactor-http-nio-3] DEBUG c.b.transaction.client.CreditClient - Calling Credit Service to get credit with id: 692e94f28b14ad379e56ab8b
2025-12-02 03:17:20.652 [reactor-http-nio-3] DEBUG c.b.transaction.client.CreditClient - Credit found: 692e94f28b14ad379e56ab8b
2025-12-02 03:17:20.652 [reactor-http-nio-3] DEBUG c.b.transaction.client.CreditClient - Making charge of 150.00 to credit: 692e94f28b14ad379e56ab8b
2025-12-02 03:17:20.660 [reactor-http-nio-3] DEBUG c.b.transaction.client.CreditClient - Charge successful. New balance: 1050.00
2025-12-02 03:17:20.661 [reactor-http-nio-3] DEBUG o.s.d.m.core.ReactiveMongoTemplate - Inserting Document containing fields: [transactionType, amount, creditId, customerId, status, description, balanceAfter, createdAt, _class] in collection: transactions
2025-12-02 03:17:20.663 [nioEventLoopGroup-3-3] INFO  c.b.t.service.TransactionService - Charge completed: 692ea0903187c0604119b2c4
2025-12-02 03:17:47.176 [reactor-http-nio-3] INFO  c.b.t.c.TransactionController - GET /api/transactions/credit/692e94f28b14ad379e56ab8b - Fetching transactions for credit
2025-12-02 03:17:47.176 [reactor-http-nio-3] DEBUG c.b.t.service.TransactionService - Finding transactions for credit: 692e94f28b14ad379e56ab8b
2025-12-02 03:17:47.177 [reactor-http-nio-3] DEBUG o.s.d.m.r.query.MongoQueryCreator - Created query Query: { "creditId" : "692e94f28b14ad379e56ab8b"}, Fields: {}, Sort: {}
2025-12-02 03:17:47.177 [reactor-http-nio-3] DEBUG o.s.d.m.core.ReactiveMongoTemplate - find using query: { "creditId" : "692e94f28b14ad379e56ab8b"} fields: Document{{}} for class: class com.bank.transaction.model.entity.Transaction in collection: transactions
2025-12-02 03:17:54.306 [reactor-http-nio-3] INFO  c.b.t.c.TransactionController - GET /api/transactions - Fetching all transactions
2025-12-02 03:17:54.306 [reactor-http-nio-3] DEBUG c.b.t.service.TransactionService - Finding all transactions
2025-12-02 03:17:54.307 [reactor-http-nio-3] DEBUG o.s.d.m.core.ReactiveMongoTemplate - find using query: {} fields: Document{{}} for class: class com.bank.transaction.model.entity.Transaction in collection: transactions
2025-12-02 03:18:05.679 [reactor-http-nio-3] INFO  c.b.t.c.TransactionController - GET /api/transactions/692ea06e3187c0604119b2c3 - Fetching transaction by id
2025-12-02 03:18:05.679 [reactor-http-nio-3] DEBUG c.b.t.service.TransactionService - Finding transaction by id: 692ea06e3187c0604119b2c3
2025-12-02 03:18:05.680 [reactor-http-nio-3] DEBUG o.s.d.m.core.ReactiveMongoTemplate - findOne using query: { "id" : "692ea06e3187c0604119b2c3"} fields: Document{{}} for class: class com.bank.transaction.model.entity.Transaction in collection: transactions
2025-12-02 03:18:32.042 [reactor-http-nio-3] INFO  c.b.t.c.TransactionController - GET /api/transactions/customer/692e5e3f76612561df8ef485 - Fetching transactions for customer
2025-12-02 03:18:32.043 [reactor-http-nio-3] DEBUG c.b.t.service.TransactionService - Finding transactions for customer: 692e5e3f76612561df8ef485
2025-12-02 03:18:32.044 [reactor-http-nio-3] DEBUG o.s.d.m.r.query.MongoQueryCreator - Created query Query: { "customerId" : "692e5e3f76612561df8ef485"}, Fields: {}, Sort: {}
2025-12-02 03:18:32.044 [reactor-http-nio-3] DEBUG o.s.d.m.core.ReactiveMongoTemplate - find using query: { "customerId" : "692e5e3f76612561df8ef485"} fields: Document{{}} for class: class com.bank.transaction.model.entity.Transaction in collection: transactions
2025-12-02 03:18:49.296 [SpringApplicationShutdownHook] INFO  o.s.b.w.e.netty.GracefulShutdown - Commencing graceful shutdown. Waiting for active requests to complete
2025-12-02 03:18:49.298 [netty-shutdown] INFO  o.s.b.w.e.netty.GracefulShutdown - Graceful shutdown complete
2025-12-02 12:42:16.001 [background-preinit] INFO  o.h.validator.internal.util.Version - HV000001: Hibernate Validator 8.0.3.Final
2025-12-02 12:42:16.033 [main] INFO  c.b.t.TransactionApplication - Starting TransactionApplication using Java 17.0.6 with PID 16156 (C:\Users\Jeanso\Documents\NTT-PROYECTOS\Proyecto_final\transaction\target\classes started by Jeanso in C:\Users\Jeanso\Documents\NTT-PROYECTOS\Proyecto_final\transaction)
2025-12-02 12:42:16.034 [main] DEBUG c.b.t.TransactionApplication - Running with Spring Boot v3.4.12, Spring v6.2.14
2025-12-02 12:42:16.035 [main] INFO  c.b.t.TransactionApplication - No active profile set, falling back to 1 default profile: "default"
2025-12-02 12:42:16.062 [main] INFO  o.s.c.c.c.ConfigServerConfigDataLoader - Fetching config from server at : http://localhost:8888
2025-12-02 12:42:16.062 [main] INFO  o.s.c.c.c.ConfigServerConfigDataLoader - Located environment: name=transaction, profiles=[default], label=null, version=null, state=null
2025-12-02 12:42:16.466 [main] INFO  o.s.d.r.c.RepositoryConfigurationDelegate - Bootstrapping Spring Data Reactive MongoDB repositories in DEFAULT mode.
2025-12-02 12:42:16.550 [main] INFO  o.s.d.r.c.RepositoryConfigurationDelegate - Finished Spring Data repository scanning in 79 ms. Found 1 Reactive MongoDB repository interface.
2025-12-02 12:42:16.606 [main] INFO  o.s.cloud.context.scope.GenericScope - BeanFactory id=c8a087de-0a14-3420-877d-b95c13d0e12f
2025-12-02 12:42:17.022 [main] INFO  org.mongodb.driver.client - MongoClient with metadata {"driver": {"name": "mongo-java-driver|reactive-streams|spring-boot", "version": "5.2.1"}, "os": {"type": "Windows", "name": "Windows 10", "architecture": "amd64", "version": "10.0"}, "platform": "Java/Oracle Corporation/17.0.6+9-LTS-190"} created with settings MongoClientSettings{readPreference=primary, writeConcern=WriteConcern{w=null, wTimeout=null ms, journal=null}, retryWrites=true, retryReads=true, readConcern=ReadConcern{level=null}, credential=null, transportSettings=NettyTransportSettings{eventLoopGroup=io.netty.channel.nio.NioEventLoopGroup@4ff66917, socketChannelClass=null, allocator=null, sslContext=null}, commandListeners=[], codecRegistry=ProvidersCodecRegistry{codecProviders=[ValueCodecProvider{}, BsonValueCodecProvider{}, DBRefCodecProvider{}, DBObjectCodecProvider{}, DocumentCodecProvider{}, CollectionCodecProvider{}, IterableCodecProvider{}, MapCodecProvider{}, GeoJsonCodecProvider{}, GridFSFileCodecProvider{}, Jsr310CodecProvider{}, JsonObjectCodecProvider{}, BsonCodecProvider{}, EnumCodecProvider{}, com.mongodb.client.model.mql.ExpressionCodecProvider@4264beb8, com.mongodb.Jep395RecordCodecProvider@647fb583, com.mongodb.KotlinCodecProvider@7cd3e0da]}, loggerSettings=LoggerSettings{maxDocumentLength=1000}, clusterSettings={hosts=[localhost:27017], srvServiceName=mongodb, mode=SINGLE, requiredClusterType=UNKNOWN, requiredReplicaSetName='null', serverSelector='null', clusterListeners='[]', serverSelectionTimeout='30000 ms', localThreshold='15 ms'}, socketSettings=SocketSettings{connectTimeoutMS=10000, readTimeoutMS=0, receiveBufferSize=0, proxySettings=ProxySettings{host=null, port=null, username=null, password=null}}, heartbeatSocketSettings=SocketSettings{connectTimeoutMS=10000, readTimeoutMS=10000, receiveBufferSize=0, proxySettings=ProxySettings{host=null, port=null, username=null, password=null}}, connectionPoolSettings=ConnectionPoolSettings{maxSize=100, minSize=0, maxWaitTimeMS=120000, maxConnectionLifeTimeMS=0, maxConnectionIdleTimeMS=0, maintenanceInitialDelayMS=0, maintenanceFrequencyMS=60000, connectionPoolListeners=[], maxConnecting=2}, serverSettings=ServerSettings{heartbeatFrequencyMS=10000, minHeartbeatFrequencyMS=500, serverMonitoringMode=AUTO, serverListeners='[]', serverMonitorListeners='[]'}, sslSettings=SslSettings{enabled=false, invalidHostNameAllowed=false, context=null}, applicationName='null', compressorList=[], uuidRepresentation=JAVA_LEGACY, serverApi=null, autoEncryptionSettings=null, dnsClient=null, inetAddressResolver=null, contextProvider=null, timeoutMS=null}
2025-12-02 12:42:17.097 [cluster-ClusterId{value='692f24f888d6d462b322272b', description='null'}-localhost:27017] INFO  org.mongodb.driver.cluster - Monitor thread successfully connected to server with description ServerDescription{address=localhost:27017, type=STANDALONE, cryptd=false, state=CONNECTED, ok=true, minWireVersion=0, maxWireVersion=27, maxDocumentSize=16777216, logicalSessionTimeoutMinutes=30, roundTripTimeNanos=35360300, minRoundTripTimeNanos=0}
2025-12-02 12:42:17.590 [main] INFO  o.s.b.w.e.netty.NettyWebServer - Netty started on port 8084 (http)
2025-12-02 12:42:17.709 [main] INFO  c.b.t.TransactionApplication - Started TransactionApplication in 2.412 seconds (process running for 2.793)
2025-12-02 12:42:29.586 [reactor-http-nio-3] INFO  c.b.t.c.TransactionController - GET /api/transactions - Fetching all transactions
2025-12-02 12:42:29.586 [reactor-http-nio-3] DEBUG c.b.t.service.TransactionService - Finding all transactions
2025-12-02 12:42:29.595 [reactor-http-nio-3] DEBUG o.s.d.m.core.ReactiveMongoTemplate - find using query: {} fields: Document{{}} for class: class com.bank.transaction.model.entity.Transaction in collection: transactions
2025-12-02 13:02:22.691 [SpringApplicationShutdownHook] INFO  o.s.b.w.e.netty.GracefulShutdown - Commencing graceful shutdown. Waiting for active requests to complete
2025-12-02 13:02:22.693 [netty-shutdown] INFO  o.s.b.w.e.netty.GracefulShutdown - Graceful shutdown complete
2025-12-02 14:27:05.996 [background-preinit] INFO  o.h.validator.internal.util.Version - HV000001: Hibernate Validator 8.0.3.Final
2025-12-02 14:27:06.035 [main] INFO  c.b.t.TransactionApplication - Starting TransactionApplication using Java 17.0.6 with PID 17120 (C:\Users\Jeanso\Documents\NTT-PROYECTOS\Proyecto_final\transaction\target\classes started by Jeanso in C:\Users\Jeanso\Documents\NTT-PROYECTOS\Proyecto_final\transaction)
2025-12-02 14:27:06.035 [main] DEBUG c.b.t.TransactionApplication - Running with Spring Boot v3.4.12, Spring v6.2.14
2025-12-02 14:27:06.036 [main] INFO  c.b.t.TransactionApplication - No active profile set, falling back to 1 default profile: "default"
2025-12-02 14:27:06.067 [main] INFO  o.s.c.c.c.ConfigServerConfigDataLoader - Fetching config from server at : http://localhost:8888
2025-12-02 14:27:06.068 [main] INFO  o.s.c.c.c.ConfigServerConfigDataLoader - Located environment: name=transaction, profiles=[default], label=null, version=null, state=null
2025-12-02 14:27:06.463 [main] INFO  o.s.d.r.c.RepositoryConfigurationDelegate - Bootstrapping Spring Data Reactive MongoDB repositories in DEFAULT mode.
2025-12-02 14:27:06.554 [main] INFO  o.s.d.r.c.RepositoryConfigurationDelegate - Finished Spring Data repository scanning in 86 ms. Found 1 Reactive MongoDB repository interface.
2025-12-02 14:27:06.665 [main] INFO  o.s.cloud.context.scope.GenericScope - BeanFactory id=af720897-ce11-3a12-b477-75d2f1823436
2025-12-02 14:27:07.143 [main] INFO  org.mongodb.driver.client - MongoClient with metadata {"driver": {"name": "mongo-java-driver|reactive-streams|spring-boot", "version": "5.2.1"}, "os": {"type": "Windows", "name": "Windows 10", "architecture": "amd64", "version": "10.0"}, "platform": "Java/Oracle Corporation/17.0.6+9-LTS-190"} created with settings MongoClientSettings{readPreference=primary, writeConcern=WriteConcern{w=null, wTimeout=null ms, journal=null}, retryWrites=true, retryReads=true, readConcern=ReadConcern{level=null}, credential=null, transportSettings=NettyTransportSettings{eventLoopGroup=io.netty.channel.nio.NioEventLoopGroup@259195fe, socketChannelClass=null, allocator=null, sslContext=null}, commandListeners=[], codecRegistry=ProvidersCodecRegistry{codecProviders=[ValueCodecProvider{}, BsonValueCodecProvider{}, DBRefCodecProvider{}, DBObjectCodecProvider{}, DocumentCodecProvider{}, CollectionCodecProvider{}, IterableCodecProvider{}, MapCodecProvider{}, GeoJsonCodecProvider{}, GridFSFileCodecProvider{}, Jsr310CodecProvider{}, JsonObjectCodecProvider{}, BsonCodecProvider{}, EnumCodecProvider{}, com.mongodb.client.model.mql.ExpressionCodecProvider@12209826, com.mongodb.Jep395RecordCodecProvider@6cd45b6c, com.mongodb.KotlinCodecProvider@3a5b7d7e]}, loggerSettings=LoggerSettings{maxDocumentLength=1000}, clusterSettings={hosts=[localhost:27017], srvServiceName=mongodb, mode=SINGLE, requiredClusterType=UNKNOWN, requiredReplicaSetName='null', serverSelector='null', clusterListeners='[]', serverSelectionTimeout='30000 ms', localThreshold='15 ms'}, socketSettings=SocketSettings{connectTimeoutMS=10000, readTimeoutMS=0, receiveBufferSize=0, proxySettings=ProxySettings{host=null, port=null, username=null, password=null}}, heartbeatSocketSettings=SocketSettings{connectTimeoutMS=10000, readTimeoutMS=10000, receiveBufferSize=0, proxySettings=ProxySettings{host=null, port=null, username=null, password=null}}, connectionPoolSettings=ConnectionPoolSettings{maxSize=100, minSize=0, maxWaitTimeMS=120000, maxConnectionLifeTimeMS=0, maxConnectionIdleTimeMS=0, maintenanceInitialDelayMS=0, maintenanceFrequencyMS=60000, connectionPoolListeners=[], maxConnecting=2}, serverSettings=ServerSettings{heartbeatFrequencyMS=10000, minHeartbeatFrequencyMS=500, serverMonitoringMode=AUTO, serverListeners='[]', serverMonitorListeners='[]'}, sslSettings=SslSettings{enabled=false, invalidHostNameAllowed=false, context=null}, applicationName='null', compressorList=[], uuidRepresentation=JAVA_LEGACY, serverApi=null, autoEncryptionSettings=null, dnsClient=null, inetAddressResolver=null, contextProvider=null, timeoutMS=null}
2025-12-02 14:27:07.220 [cluster-ClusterId{value='692f3d8b09382867808b5351', description='null'}-localhost:27017] INFO  org.mongodb.driver.cluster - Monitor thread successfully connected to server with description ServerDescription{address=localhost:27017, type=STANDALONE, cryptd=false, state=CONNECTED, ok=true, minWireVersion=0, maxWireVersion=27, maxDocumentSize=16777216, logicalSessionTimeoutMinutes=30, roundTripTimeNanos=36594900, minRoundTripTimeNanos=0}
2025-12-02 14:27:07.889 [main] INFO  o.s.c.n.e.c.DiscoveryClientOptionalArgsConfiguration - Eureka HTTP Client uses RestTemplate.
2025-12-02 14:27:07.983 [main] WARN  o.s.c.l.c.LoadBalancerCacheAutoConfiguration$LoadBalancerCaffeineWarnLogger - Spring Cloud LoadBalancer is currently working with the default cache. While this cache implementation is useful for development and tests, it's recommended to use Caffeine cache in production.You can switch to using Caffeine cache, by adding it and org.springframework.cache.caffeine.CaffeineCacheManager to the classpath.
2025-12-02 14:27:08.010 [main] INFO  o.s.c.n.eureka.InstanceInfoFactory - Setting initial instance status as: STARTING
2025-12-02 14:27:08.035 [main] INFO  c.netflix.discovery.DiscoveryClient - Initializing Eureka in region us-east-1
2025-12-02 14:27:08.042 [main] INFO  c.n.d.s.r.aws.ConfigClusterResolver - Resolving eureka endpoints via configuration
2025-12-02 14:27:08.052 [main] INFO  c.netflix.discovery.DiscoveryClient - Disable delta property : false
2025-12-02 14:27:08.052 [main] INFO  c.netflix.discovery.DiscoveryClient - Single vip registry refresh property : null
2025-12-02 14:27:08.052 [main] INFO  c.netflix.discovery.DiscoveryClient - Force full registry fetch : false
2025-12-02 14:27:08.052 [main] INFO  c.netflix.discovery.DiscoveryClient - Application is null : false
2025-12-02 14:27:08.052 [main] INFO  c.netflix.discovery.DiscoveryClient - Registered Applications size is zero : true
2025-12-02 14:27:08.052 [main] INFO  c.netflix.discovery.DiscoveryClient - Application version is -1: true
2025-12-02 14:27:08.052 [main] INFO  c.netflix.discovery.DiscoveryClient - Getting all instance registry info from the eureka server
2025-12-02 14:27:08.237 [main] INFO  c.netflix.discovery.DiscoveryClient - The response status is 200
2025-12-02 14:27:08.238 [main] INFO  c.netflix.discovery.DiscoveryClient - Starting heartbeat executor: renew interval is: 30
2025-12-02 14:27:08.239 [main] INFO  c.n.discovery.InstanceInfoReplicator - InstanceInfoReplicator onDemand update allowed rate per min is 4
2025-12-02 14:27:08.240 [main] INFO  c.netflix.discovery.DiscoveryClient - Discovery Client initialized at timestamp 1764703628240 with initial instances count: 4
2025-12-02 14:27:08.242 [main] INFO  o.s.c.n.e.s.EurekaServiceRegistry - Registering application TRANSACTION with eureka with status UP
2025-12-02 14:27:08.242 [main] INFO  c.netflix.discovery.DiscoveryClient - Saw local status change event StatusChangeEvent [timestamp=1764703628242, current=UP, previous=STARTING]
2025-12-02 14:27:08.243 [DiscoveryClient-InstanceInfoReplicator-%d] INFO  c.netflix.discovery.DiscoveryClient - DiscoveryClient_TRANSACTION/host.docker.internal:transaction:8084: registering service...
2025-12-02 14:27:08.266 [DiscoveryClient-InstanceInfoReplicator-%d] INFO  c.netflix.discovery.DiscoveryClient - DiscoveryClient_TRANSACTION/host.docker.internal:transaction:8084 - registration status: 204
2025-12-02 14:27:08.272 [main] INFO  o.s.b.w.e.netty.NettyWebServer - Netty started on port 8084 (http)
2025-12-02 14:27:08.273 [main] INFO  o.s.c.n.e.s.EurekaAutoServiceRegistration - Updating port to 8084
2025-12-02 14:27:08.404 [main] INFO  c.b.t.TransactionApplication - Started TransactionApplication in 3.142 seconds (process running for 3.565)
2025-12-02 14:32:08.063 [AsyncResolver-bootstrap-executor-%d] INFO  c.n.d.s.r.aws.ConfigClusterResolver - Resolving eureka endpoints via configuration
2025-12-02 14:37:08.075 [AsyncResolver-bootstrap-executor-%d] INFO  c.n.d.s.r.aws.ConfigClusterResolver - Resolving eureka endpoints via configuration
2025-12-02 14:42:08.079 [AsyncResolver-bootstrap-executor-%d] INFO  c.n.d.s.r.aws.ConfigClusterResolver - Resolving eureka endpoints via configuration
2025-12-02 14:43:55.044 [SpringApplicationShutdownHook] INFO  o.s.c.n.e.s.EurekaServiceRegistry - Unregistering application TRANSACTION with eureka with status DOWN
2025-12-02 14:43:55.044 [SpringApplicationShutdownHook] INFO  c.netflix.discovery.DiscoveryClient - Saw local status change event StatusChangeEvent [timestamp=1764704635044, current=DOWN, previous=UP]
2025-12-02 14:43:55.044 [DiscoveryClient-InstanceInfoReplicator-%d] INFO  c.netflix.discovery.DiscoveryClient - DiscoveryClient_TRANSACTION/host.docker.internal:transaction:8084: registering service...
2025-12-02 14:43:55.045 [SpringApplicationShutdownHook] INFO  o.s.b.w.e.netty.GracefulShutdown - Commencing graceful shutdown. Waiting for active requests to complete
2025-12-02 14:43:55.047 [netty-shutdown] INFO  o.s.b.w.e.netty.GracefulShutdown - Graceful shutdown complete
2025-12-02 14:43:55.048 [DiscoveryClient-InstanceInfoReplicator-%d] INFO  c.netflix.discovery.DiscoveryClient - DiscoveryClient_TRANSACTION/host.docker.internal:transaction:8084 - registration status: 204
2025-12-02 14:43:59.205 [SpringApplicationShutdownHook] INFO  c.netflix.discovery.DiscoveryClient - Shutting down DiscoveryClient ...
2025-12-02 14:44:02.217 [SpringApplicationShutdownHook] INFO  c.netflix.discovery.DiscoveryClient - Unregistering ...
2025-12-02 14:44:02.222 [SpringApplicationShutdownHook] INFO  c.netflix.discovery.DiscoveryClient - DiscoveryClient_TRANSACTION/host.docker.internal:transaction:8084 - deregister  status: 200
2025-12-02 14:44:02.222 [SpringApplicationShutdownHook] INFO  c.netflix.discovery.DiscoveryClient - Completed shut down of DiscoveryClient
2025-12-02 15:08:42.621 [background-preinit] INFO  o.h.validator.internal.util.Version - HV000001: Hibernate Validator 8.0.3.Final
2025-12-02 15:08:42.657 [main] INFO  c.b.t.TransactionApplication - Starting TransactionApplication using Java 17.0.6 with PID 13444 (C:\Users\Jeanso\Documents\NTT-PROYECTOS\Proyecto_final\transaction\target\classes started by Jeanso in C:\Users\Jeanso\Documents\NTT-PROYECTOS\Proyecto_final\transaction)
2025-12-02 15:08:42.657 [main] DEBUG c.b.t.TransactionApplication - Running with Spring Boot v3.4.12, Spring v6.2.14
2025-12-02 15:08:42.658 [main] INFO  c.b.t.TransactionApplication - No active profile set, falling back to 1 default profile: "default"
2025-12-02 15:08:42.686 [main] INFO  o.s.c.c.c.ConfigServerConfigDataLoader - Fetching config from server at : http://localhost:8888
2025-12-02 15:08:42.686 [main] INFO  o.s.c.c.c.ConfigServerConfigDataLoader - Located environment: name=transaction, profiles=[default], label=null, version=null, state=null
2025-12-02 15:08:43.088 [main] INFO  o.s.d.r.c.RepositoryConfigurationDelegate - Bootstrapping Spring Data Reactive MongoDB repositories in DEFAULT mode.
2025-12-02 15:08:43.181 [main] INFO  o.s.d.r.c.RepositoryConfigurationDelegate - Finished Spring Data repository scanning in 87 ms. Found 1 Reactive MongoDB repository interface.
2025-12-02 15:08:43.309 [main] INFO  o.s.cloud.context.scope.GenericScope - BeanFactory id=af720897-ce11-3a12-b477-75d2f1823436
2025-12-02 15:08:43.741 [main] INFO  org.mongodb.driver.client - MongoClient with metadata {"driver": {"name": "mongo-java-driver|reactive-streams|spring-boot", "version": "5.2.1"}, "os": {"type": "Windows", "name": "Windows 10", "architecture": "amd64", "version": "10.0"}, "platform": "Java/Oracle Corporation/17.0.6+9-LTS-190"} created with settings MongoClientSettings{readPreference=primary, writeConcern=WriteConcern{w=null, wTimeout=null ms, journal=null}, retryWrites=true, retryReads=true, readConcern=ReadConcern{level=null}, credential=null, transportSettings=NettyTransportSettings{eventLoopGroup=io.netty.channel.nio.NioEventLoopGroup@7910f355, socketChannelClass=null, allocator=null, sslContext=null}, commandListeners=[], codecRegistry=ProvidersCodecRegistry{codecProviders=[ValueCodecProvider{}, BsonValueCodecProvider{}, DBRefCodecProvider{}, DBObjectCodecProvider{}, DocumentCodecProvider{}, CollectionCodecProvider{}, IterableCodecProvider{}, MapCodecProvider{}, GeoJsonCodecProvider{}, GridFSFileCodecProvider{}, Jsr310CodecProvider{}, JsonObjectCodecProvider{}, BsonCodecProvider{}, EnumCodecProvider{}, com.mongodb.client.model.mql.ExpressionCodecProvider@34ab26a, com.mongodb.Jep395RecordCodecProvider@259195fe, com.mongodb.KotlinCodecProvider@12209826]}, loggerSettings=LoggerSettings{maxDocumentLength=1000}, clusterSettings={hosts=[localhost:27017], srvServiceName=mongodb, mode=SINGLE, requiredClusterType=UNKNOWN, requiredReplicaSetName='null', serverSelector='null', clusterListeners='[]', serverSelectionTimeout='30000 ms', localThreshold='15 ms'}, socketSettings=SocketSettings{connectTimeoutMS=10000, readTimeoutMS=0, receiveBufferSize=0, proxySettings=ProxySettings{host=null, port=null, username=null, password=null}}, heartbeatSocketSettings=SocketSettings{connectTimeoutMS=10000, readTimeoutMS=10000, receiveBufferSize=0, proxySettings=ProxySettings{host=null, port=null, username=null, password=null}}, connectionPoolSettings=ConnectionPoolSettings{maxSize=100, minSize=0, maxWaitTimeMS=120000, maxConnectionLifeTimeMS=0, maxConnectionIdleTimeMS=0, maintenanceInitialDelayMS=0, maintenanceFrequencyMS=60000, connectionPoolListeners=[], maxConnecting=2}, serverSettings=ServerSettings{heartbeatFrequencyMS=10000, minHeartbeatFrequencyMS=500, serverMonitoringMode=AUTO, serverListeners='[]', serverMonitorListeners='[]'}, sslSettings=SslSettings{enabled=false, invalidHostNameAllowed=false, context=null}, applicationName='null', compressorList=[], uuidRepresentation=JAVA_LEGACY, serverApi=null, autoEncryptionSettings=null, dnsClient=null, inetAddressResolver=null, contextProvider=null, timeoutMS=null}
2025-12-02 15:08:43.805 [cluster-ClusterId{value='692f474b78810b106e2de137', description='null'}-localhost:27017] INFO  org.mongodb.driver.cluster - Monitor thread successfully connected to server with description ServerDescription{address=localhost:27017, type=STANDALONE, cryptd=false, state=CONNECTED, ok=true, minWireVersion=0, maxWireVersion=27, maxDocumentSize=16777216, logicalSessionTimeoutMinutes=30, roundTripTimeNanos=28079000, minRoundTripTimeNanos=0}
2025-12-02 15:08:44.423 [main] INFO  o.s.c.n.e.c.DiscoveryClientOptionalArgsConfiguration - Eureka HTTP Client uses RestTemplate.
2025-12-02 15:08:44.526 [main] WARN  o.s.c.l.c.LoadBalancerCacheAutoConfiguration$LoadBalancerCaffeineWarnLogger - Spring Cloud LoadBalancer is currently working with the default cache. While this cache implementation is useful for development and tests, it's recommended to use Caffeine cache in production.You can switch to using Caffeine cache, by adding it and org.springframework.cache.caffeine.CaffeineCacheManager to the classpath.
2025-12-02 15:08:44.550 [main] INFO  o.s.c.n.eureka.InstanceInfoFactory - Setting initial instance status as: STARTING
2025-12-02 15:08:44.567 [main] INFO  c.netflix.discovery.DiscoveryClient - Initializing Eureka in region us-east-1
2025-12-02 15:08:44.570 [main] INFO  c.n.d.s.r.aws.ConfigClusterResolver - Resolving eureka endpoints via configuration
2025-12-02 15:08:44.576 [main] INFO  c.netflix.discovery.DiscoveryClient - Disable delta property : false
2025-12-02 15:08:44.576 [main] INFO  c.netflix.discovery.DiscoveryClient - Single vip registry refresh property : null
2025-12-02 15:08:44.576 [main] INFO  c.netflix.discovery.DiscoveryClient - Force full registry fetch : false
2025-12-02 15:08:44.576 [main] INFO  c.netflix.discovery.DiscoveryClient - Application is null : false
2025-12-02 15:08:44.576 [main] INFO  c.netflix.discovery.DiscoveryClient - Registered Applications size is zero : true
2025-12-02 15:08:44.576 [main] INFO  c.netflix.discovery.DiscoveryClient - Application version is -1: true
2025-12-02 15:08:44.576 [main] INFO  c.netflix.discovery.DiscoveryClient - Getting all instance registry info from the eureka server
2025-12-02 15:08:44.758 [main] INFO  c.netflix.discovery.DiscoveryClient - The response status is 200
2025-12-02 15:08:44.759 [main] INFO  c.netflix.discovery.DiscoveryClient - Starting heartbeat executor: renew interval is: 30
2025-12-02 15:08:44.760 [main] INFO  c.n.discovery.InstanceInfoReplicator - InstanceInfoReplicator onDemand update allowed rate per min is 4
2025-12-02 15:08:44.761 [main] INFO  c.netflix.discovery.DiscoveryClient - Discovery Client initialized at timestamp 1764706124761 with initial instances count: 1
2025-12-02 15:08:44.764 [main] INFO  o.s.c.n.e.s.EurekaServiceRegistry - Registering application TRANSACTION with eureka with status UP
2025-12-02 15:08:44.764 [main] INFO  c.netflix.discovery.DiscoveryClient - Saw local status change event StatusChangeEvent [timestamp=1764706124764, current=UP, previous=STARTING]
2025-12-02 15:08:44.765 [DiscoveryClient-InstanceInfoReplicator-%d] INFO  c.netflix.discovery.DiscoveryClient - DiscoveryClient_TRANSACTION/host.docker.internal:transaction:8084: registering service...
2025-12-02 15:08:44.793 [DiscoveryClient-InstanceInfoReplicator-%d] INFO  c.netflix.discovery.DiscoveryClient - DiscoveryClient_TRANSACTION/host.docker.internal:transaction:8084 - registration status: 204
2025-12-02 15:08:44.795 [main] INFO  o.s.b.w.e.netty.NettyWebServer - Netty started on port 8084 (http)
2025-12-02 15:08:44.796 [main] INFO  o.s.c.n.e.s.EurekaAutoServiceRegistration - Updating port to 8084
2025-12-02 15:08:44.924 [main] INFO  c.b.t.TransactionApplication - Started TransactionApplication in 3.01 seconds (process running for 3.412)
2025-12-02 15:13:44.581 [AsyncResolver-bootstrap-executor-%d] INFO  c.n.d.s.r.aws.ConfigClusterResolver - Resolving eureka endpoints via configuration
2025-12-02 15:16:25.689 [reactor-http-nio-2] INFO  c.b.t.c.TransactionController - GET /api/transactions/account/{{accountId}} - Fetching transactions for account
2025-12-02 15:16:25.689 [reactor-http-nio-2] DEBUG c.b.t.service.TransactionService - Finding transactions for account: {{accountId}}
2025-12-02 15:16:25.713 [reactor-http-nio-2] DEBUG o.s.d.m.r.query.MongoQueryCreator - Created query Query: { "accountId" : "{{accountId}}"}, Fields: {}, Sort: {}
2025-12-02 15:16:25.722 [reactor-http-nio-2] DEBUG o.s.d.m.core.ReactiveMongoTemplate - find using query: { "accountId" : "{{accountId}}"} fields: Document{{}} for class: class com.bank.transaction.model.entity.Transaction in collection: transactions
2025-12-02 15:16:40.726 [reactor-http-nio-2] INFO  c.b.t.c.TransactionController - GET /api/transactions/account/692e8a2866259c4bae50485e - Fetching transactions for account
2025-12-02 15:16:40.726 [reactor-http-nio-2] DEBUG c.b.t.service.TransactionService - Finding transactions for account: 692e8a2866259c4bae50485e
2025-12-02 15:16:40.727 [reactor-http-nio-2] DEBUG o.s.d.m.r.query.MongoQueryCreator - Created query Query: { "accountId" : "692e8a2866259c4bae50485e"}, Fields: {}, Sort: {}
2025-12-02 15:16:40.727 [reactor-http-nio-2] DEBUG o.s.d.m.core.ReactiveMongoTemplate - find using query: { "accountId" : "692e8a2866259c4bae50485e"} fields: Document{{}} for class: class com.bank.transaction.model.entity.Transaction in collection: transactions
2025-12-02 15:16:49.658 [reactor-http-nio-2] INFO  c.b.t.c.TransactionController - GET /api/transactions/account/692e8a6266259c4bae50485f - Fetching transactions for account
2025-12-02 15:16:49.658 [reactor-http-nio-2] DEBUG c.b.t.service.TransactionService - Finding transactions for account: 692e8a6266259c4bae50485f
2025-12-02 15:16:49.659 [reactor-http-nio-2] DEBUG o.s.d.m.r.query.MongoQueryCreator - Created query Query: { "accountId" : "692e8a6266259c4bae50485f"}, Fields: {}, Sort: {}
2025-12-02 15:16:49.659 [reactor-http-nio-2] DEBUG o.s.d.m.core.ReactiveMongoTemplate - find using query: { "accountId" : "692e8a6266259c4bae50485f"} fields: Document{{}} for class: class com.bank.transaction.model.entity.Transaction in collection: transactions
2025-12-02 15:17:16.687 [reactor-http-nio-2] INFO  c.b.t.c.TransactionController - GET /api/transactions - Fetching all transactions
2025-12-02 15:17:16.687 [reactor-http-nio-2] DEBUG c.b.t.service.TransactionService - Finding all transactions
2025-12-02 15:17:16.690 [reactor-http-nio-2] DEBUG o.s.d.m.core.ReactiveMongoTemplate - find using query: {} fields: Document{{}} for class: class com.bank.transaction.model.entity.Transaction in collection: transactions
2025-12-02 15:18:44.588 [AsyncResolver-bootstrap-executor-%d] INFO  c.n.d.s.r.aws.ConfigClusterResolver - Resolving eureka endpoints via configuration
2025-12-02 15:23:44.594 [AsyncResolver-bootstrap-executor-%d] INFO  c.n.d.s.r.aws.ConfigClusterResolver - Resolving eureka endpoints via configuration
2025-12-02 15:28:44.596 [AsyncResolver-bootstrap-executor-%d] INFO  c.n.d.s.r.aws.ConfigClusterResolver - Resolving eureka endpoints via configuration
2025-12-02 15:33:44.604 [AsyncResolver-bootstrap-executor-%d] INFO  c.n.d.s.r.aws.ConfigClusterResolver - Resolving eureka endpoints via configuration
2025-12-02 15:38:44.607 [AsyncResolver-bootstrap-executor-%d] INFO  c.n.d.s.r.aws.ConfigClusterResolver - Resolving eureka endpoints via configuration
2025-12-02 15:43:44.608 [AsyncResolver-bootstrap-executor-%d] INFO  c.n.d.s.r.aws.ConfigClusterResolver - Resolving eureka endpoints via configuration
2025-12-02 15:48:44.610 [AsyncResolver-bootstrap-executor-%d] INFO  c.n.d.s.r.aws.ConfigClusterResolver - Resolving eureka endpoints via configuration
2025-12-02 15:52:46.643 [SpringApplicationShutdownHook] INFO  o.s.c.n.e.s.EurekaServiceRegistry - Unregistering application TRANSACTION with eureka with status DOWN
2025-12-02 15:52:46.643 [SpringApplicationShutdownHook] INFO  c.netflix.discovery.DiscoveryClient - Saw local status change event StatusChangeEvent [timestamp=1764708766643, current=DOWN, previous=UP]
2025-12-02 15:52:46.643 [DiscoveryClient-InstanceInfoReplicator-%d] INFO  c.netflix.discovery.DiscoveryClient - DiscoveryClient_TRANSACTION/host.docker.internal:transaction:8084: registering service...
2025-12-02 15:52:46.645 [SpringApplicationShutdownHook] INFO  o.s.b.w.e.netty.GracefulShutdown - Commencing graceful shutdown. Waiting for active requests to complete
2025-12-02 15:52:46.648 [netty-shutdown] INFO  o.s.b.w.e.netty.GracefulShutdown - Graceful shutdown complete
2025-12-02 15:52:46.651 [DiscoveryClient-InstanceInfoReplicator-%d] INFO  c.netflix.discovery.DiscoveryClient - DiscoveryClient_TRANSACTION/host.docker.internal:transaction:8084 - registration status: 204
2025-12-02 15:52:50.828 [SpringApplicationShutdownHook] INFO  c.netflix.discovery.DiscoveryClient - Shutting down DiscoveryClient ...
2025-12-02 15:52:53.841 [SpringApplicationShutdownHook] INFO  c.netflix.discovery.DiscoveryClient - Unregistering ...
2025-12-02 15:52:53.845 [SpringApplicationShutdownHook] INFO  c.netflix.discovery.DiscoveryClient - DiscoveryClient_TRANSACTION/host.docker.internal:transaction:8084 - deregister  status: 200
2025-12-02 15:52:53.845 [SpringApplicationShutdownHook] INFO  c.netflix.discovery.DiscoveryClient - Completed shut down of DiscoveryClient
